<?xml version="1.0" encoding="UTF-8"?>
<beans xmlns="http://www.springframework.org/schema/beans"
	xmlns:xsi="http://www.w3.org/2001/XMLSchema-instance" xmlns:jdbc="http://www.springframework.org/schema/jdbc"
	xmlns:context="http://www.springframework.org/schema/context" xmlns:tx="http://www.springframework.org/schema/tx"
	xmlns:ehcache="http://ehcache-spring-annotations.googlecode.com/svn/schema/ehcache-spring"
	xsi:schemaLocation="http://www.springframework.org/schema/beans http://www.springframework.org/schema/beans/spring-beans-3.0.xsd
						http://www.springframework.org/schema/tx http://www.springframework.org/schema/tx/spring-tx-3.0.xsd
						http://www.springframework.org/schema/context http://www.springframework.org/schema/context/spring-context-3.0.xsd
						http://www.springframework.org/schema/jdbc http://www.springframework.org/schema/jdbc/spring-jdbc-3.0.xsd
						http://ehcache-spring-annotations.googlecode.com/svn/schema/ehcache-spring     
 						http://ehcache-spring-annotations.googlecode.com/svn/schema/ehcache-spring/ehcache-spring-1.1.xsd">

	<context:annotation-config />
	<context:component-scan base-package="com.joyveb" />
	<!-- 
	<context:property-placeholder location="classpath:datasource.properties" />
	<bean id="ehCacheManager"
		class="org.springframework.cache.ehcache.EhCacheManagerFactoryBean">
		<property name="configLocation" value="classpath:ehcache.xml" />
	</bean>-->
	 
	<!-- Oracle DataSource configuration 
	<bean id="dataSourceFront" class="com.mchange.v2.c3p0.ComboPooledDataSource"
		destroy-method="close">
		<property name="driverClass" value="${jdbc.driver}" />
		<property name="jdbcUrl" value="${jdbc.url}" />
		<property name="user" value="${jdbc.username}" />
		<property name="password" value="${jdbc.password}" />
	</bean>
	<bean id="dataSourceFront" class="com.mchange.v2.c3p0.ComboPooledDataSource"
		destroy-method="close">
		<property name="driverClass" value="oracle.jdbc.driver.OracleDriver" />
		<property name="jdbcUrl" value="jdbc:oracle:thin:@192.168.3.21:1521:lottery" />
		<property name="user" value="limingjian" />
		<property name="password" value="limingjian456" />
	</bean>
-->
	<!--<bean id="dataSourceFront" class="org.springframework.jndi.JndiObjectFactoryBean"> 
		<property name="jndiName" value="jndi/front"></property> </bean> 
	<bean id="sqlMapClientFront" class="org.springframework.orm.ibatis.SqlMapClientFactoryBean">
		<property name="configLocation" value="classpath:cache-sql-map-config.xml" />
		<property name="dataSource" ref="dataSourceFront" />
	</bean>
	<bean id="transactionManager"
		class="org.springframework.jdbc.datasource.DataSourceTransactionManager">
		<property name="dataSource" ref="dataSourceFront" />
	</bean>
	<tx:annotation-driven transaction-manager="transactionManager" />

	<bean id="baseDao" abstract="true">
		<property name="sqlMapClient" ref="sqlMapClientFront" />
	</bean>
-->
			
	<bean id="userCache" class="com.joyveb.ehcache.bean.UserCache" />	
</beans>